C:\Projects\Gits\FFmpegControl\MpegTS_ChunkEncoder\Release\cl.command.1.tlog
C:\Projects\Gits\FFmpegControl\MpegTS_ChunkEncoder\Release\CL.read.1.tlog
C:\Projects\Gits\FFmpegControl\MpegTS_ChunkEncoder\Release\CL.write.1.tlog
C:\PROJECTS\GITS\FFMPEGCONTROL\MPEGTS_CHUNKENCODER\RELEASE\COLORSPACECONVERSION.OBJ
C:\Projects\Gits\FFmpegControl\MpegTS_ChunkEncoder\Release\link.command.1.tlog
C:\Projects\Gits\FFmpegControl\MpegTS_ChunkEncoder\Release\link.read.1.tlog
C:\Projects\Gits\FFmpegControl\MpegTS_ChunkEncoder\Release\link.write.1.tlog
C:\PROJECTS\GITS\FFMPEGCONTROL\MPEGTS_CHUNKENCODER\RELEASE\MPEGTS_CHUNKENCODER.DLL.INTERMEDIATE.MANIFEST
C:\PROJECTS\GITS\FFMPEGCONTROL\MPEGTS_CHUNKENCODER\RELEASE\MPEGTS_CHUNKENCODER.OBJ
C:\PROJECTS\GITS\FFMPEGCONTROL\MPEGTS_CHUNKENCODER\RELEASE\MPEGTS_CHUNKENCODER.PCH
C:\Projects\Gits\FFmpegControl\MpegTS_ChunkEncoder\Release\MpegTS_ChunkEncoder.write.1.tlog
C:\Projects\Gits\FFmpegControl\MpegTS_ChunkEncoder\Release\mt.command.1.tlog
C:\Projects\Gits\FFmpegControl\MpegTS_ChunkEncoder\Release\mt.read.1.tlog
C:\Projects\Gits\FFmpegControl\MpegTS_ChunkEncoder\Release\mt.write.1.tlog
C:\PROJECTS\GITS\FFMPEGCONTROL\MPEGTS_CHUNKENCODER\RELEASE\PES_TS.OBJ
C:\PROJECTS\GITS\FFMPEGCONTROL\MPEGTS_CHUNKENCODER\RELEASE\STDAFX.OBJ
C:\PROJECTS\GITS\FFMPEGCONTROL\MPEGTS_CHUNKENCODER\RELEASE\VC100.PDB
C:\PROJECTS\GITS\FFMPEGCONTROL\RELEASE\MPEGTS_CHUNKENCODER.DLL
C:\Projects\Gits\FFmpegControl\Release\MpegTS_ChunkEncoder.exp
C:\Projects\Gits\FFmpegControl\Release\MpegTS_ChunkEncoder.lib
C:\PROJECTS\GITS\FFMPEGCONTROL\RELEASE\MPEGTS_CHUNKENCODER.PDB
