cl : Command line warning D9025: overriding '/MD' with '/MTd'
  stdafx.cpp
cl : Command line warning D9025: overriding '/MD' with '/MTd'
  PES_TS.cpp
c:\gits\ffmpegcontrol\mpegts_chunkencoder\include\libavutil\common.h(178): warning C4244: 'return' : conversion from 'int64_t' to 'int32_t', possible loss of data
c:\gits\ffmpegcontrol\mpegts_chunkencoder\include\libavutil\common.h(237): warning C4244: 'argument' : conversion from 'uint64_t' to 'uint32_t', possible loss of data
  MpegTS_ChunkEncoder.cpp
c:\gits\ffmpegcontrol\mpegts_chunkencoder\include\libavutil\common.h(178): warning C4244: 'return' : conversion from 'int64_t' to 'int32_t', possible loss of data
c:\gits\ffmpegcontrol\mpegts_chunkencoder\include\libavutil\common.h(237): warning C4244: 'argument' : conversion from 'uint64_t' to 'uint32_t', possible loss of data
c:\gits\ffmpegcontrol\mpegts_chunkencoder\mpegts_chunkencoder.cpp(119): warning C4244: 'initializing' : conversion from 'double' to 'int', possible loss of data
c:\gits\ffmpegcontrol\mpegts_chunkencoder\mpegts_chunkencoder.cpp(124): warning C4305: '=' : truncation from 'double' to 'float'
c:\gits\ffmpegcontrol\mpegts_chunkencoder\mpegts_chunkencoder.cpp(144): warning C4244: '=' : conversion from 'int' to 'float', possible loss of data
c:\gits\ffmpegcontrol\mpegts_chunkencoder\mpegts_chunkencoder.cpp(156): warning C4305: '=' : truncation from 'double' to 'float'
c:\gits\ffmpegcontrol\mpegts_chunkencoder\mpegts_chunkencoder.cpp(160): warning C4305: '=' : truncation from 'double' to 'float'
c:\gits\ffmpegcontrol\mpegts_chunkencoder\mpegts_chunkencoder.cpp(164): warning C4305: '=' : truncation from 'double' to 'float'
c:\gits\ffmpegcontrol\mpegts_chunkencoder\mpegts_chunkencoder.cpp(168): warning C4305: '=' : truncation from 'double' to 'float'
c:\gits\ffmpegcontrol\mpegts_chunkencoder\mpegts_chunkencoder.cpp(172): warning C4305: '=' : truncation from 'double' to 'float'
c:\gits\ffmpegcontrol\mpegts_chunkencoder\mpegts_chunkencoder.cpp(176): warning C4305: '=' : truncation from 'double' to 'float'
c:\gits\ffmpegcontrol\mpegts_chunkencoder\mpegts_chunkencoder.cpp(180): warning C4305: '=' : truncation from 'double' to 'float'
c:\gits\ffmpegcontrol\mpegts_chunkencoder\mpegts_chunkencoder.cpp(289): warning C4244: 'initializing' : conversion from 'double' to 'uint64_t', possible loss of data
c:\gits\ffmpegcontrol\mpegts_chunkencoder\mpegts_chunkencoder.cpp(300): warning C4244: 'initializing' : conversion from 'uint64_t' to 'long', possible loss of data
c:\gits\ffmpegcontrol\mpegts_chunkencoder\mpegts_chunkencoder.cpp(301): warning C4244: 'initializing' : conversion from 'double' to 'long', possible loss of data
c:\gits\ffmpegcontrol\mpegts_chunkencoder\mpegts_chunkencoder.cpp(306): warning C4244: 'initializing' : conversion from 'double' to 'long', possible loss of data
c:\gits\ffmpegcontrol\mpegts_chunkencoder\mpegts_chunkencoder.cpp(314): warning C4244: 'argument' : conversion from 'double' to 'int', possible loss of data
c:\gits\ffmpegcontrol\mpegts_chunkencoder\mpegts_chunkencoder.cpp(319): warning C4244: '=' : conversion from 'double' to 'int64_t', possible loss of data
c:\gits\ffmpegcontrol\mpegts_chunkencoder\mpegts_chunkencoder.cpp(321): warning C4244: '=' : conversion from 'double' to 'uint64_t', possible loss of data
c:\gits\ffmpegcontrol\mpegts_chunkencoder\mpegts_chunkencoder.cpp(335): warning C4244: 'argument' : conversion from 'int64_t' to 'long', possible loss of data
c:\gits\ffmpegcontrol\mpegts_chunkencoder\mpegts_chunkencoder.cpp(346): warning C4244: '+=' : conversion from 'double' to 'uint64_t', possible loss of data
c:\gits\ffmpegcontrol\mpegts_chunkencoder\mpegts_chunkencoder.cpp(366): warning C4244: 'initializing' : conversion from 'double' to 'int64_t', possible loss of data
c:\gits\ffmpegcontrol\mpegts_chunkencoder\mpegts_chunkencoder.cpp(396): warning C4244: 'argument' : conversion from 'int64_t' to 'long', possible loss of data
c:\gits\ffmpegcontrol\mpegts_chunkencoder\mpegts_chunkencoder.cpp(455): warning C4996: 'sprintf': This function or variable may be unsafe. Consider using sprintf_s instead. To disable deprecation, use _CRT_SECURE_NO_WARNINGS. See online help for details.
          c:\program files (x86)\microsoft visual studio 11.0\vc\include\stdio.h(357) : see declaration of 'sprintf'
c:\gits\ffmpegcontrol\mpegts_chunkencoder\mpegts_chunkencoder.cpp(520): warning C4996: 'sprintf': This function or variable may be unsafe. Consider using sprintf_s instead. To disable deprecation, use _CRT_SECURE_NO_WARNINGS. See online help for details.
          c:\program files (x86)\microsoft visual studio 11.0\vc\include\stdio.h(357) : see declaration of 'sprintf'
c:\gits\ffmpegcontrol\mpegts_chunkencoder\mpegts_chunkencoder.cpp(575): warning C4996: 'strcpy': This function or variable may be unsafe. Consider using strcpy_s instead. To disable deprecation, use _CRT_SECURE_NO_WARNINGS. See online help for details.
          c:\program files (x86)\microsoft visual studio 11.0\vc\include\string.h(110) : see declaration of 'strcpy'
  ColorSpaceConversion.cpp
c:\gits\ffmpegcontrol\mpegts_chunkencoder\include\libavutil\common.h(178): warning C4244: 'return' : conversion from 'int64_t' to 'int32_t', possible loss of data
c:\gits\ffmpegcontrol\mpegts_chunkencoder\include\libavutil\common.h(237): warning C4244: 'argument' : conversion from 'uint64_t' to 'uint32_t', possible loss of data
  Generating Code...
ColorSpaceConversion.obj : warning LNK4075: ignoring '/EDITANDCONTINUE' due to '/SAFESEH' specification
     Creating library C:\Gits\FFmpegControl\Debug\MpegTS_ChunkEncoder.lib and object C:\Gits\FFmpegControl\Debug\MpegTS_ChunkEncoder.exp
  MpegTS_ChunkEncoder.vcxproj -> C:\Gits\FFmpegControl\Debug\MpegTS_ChunkEncoder.dll
