C:\Projects\Gits\FFmpegControl\MpegTS_ChunkEncoder\Debug\cl.command.1.tlog
C:\Projects\Gits\FFmpegControl\MpegTS_ChunkEncoder\Debug\CL.read.1.tlog
C:\Projects\Gits\FFmpegControl\MpegTS_ChunkEncoder\Debug\CL.write.1.tlog
C:\PROJECTS\GITS\FFMPEGCONTROL\MPEGTS_CHUNKENCODER\DEBUG\COLORSPACECONVERSION.OBJ
C:\Projects\Gits\FFmpegControl\MpegTS_ChunkEncoder\Debug\link.command.1.tlog
C:\Projects\Gits\FFmpegControl\MpegTS_ChunkEncoder\Debug\link.read.1.tlog
C:\Projects\Gits\FFmpegControl\MpegTS_ChunkEncoder\Debug\link.write.1.tlog
C:\Projects\Gits\FFmpegControl\MpegTS_ChunkEncoder\Debug\link-cvtres.read.1.tlog
C:\Projects\Gits\FFmpegControl\MpegTS_ChunkEncoder\Debug\link-cvtres.write.1.tlog
C:\Projects\Gits\FFmpegControl\MpegTS_ChunkEncoder\Debug\MpegTS_ChunkEncoder.dll.embed.manifest
C:\PROJECTS\GITS\FFMPEGCONTROL\MPEGTS_CHUNKENCODER\DEBUG\MPEGTS_CHUNKENCODER.DLL.EMBED.MANIFEST.RES
C:\Projects\Gits\FFmpegControl\MpegTS_ChunkEncoder\Debug\MpegTS_ChunkEncoder.dll.intermediate.manifest
C:\PROJECTS\GITS\FFMPEGCONTROL\MPEGTS_CHUNKENCODER\DEBUG\MPEGTS_CHUNKENCODER.OBJ
C:\PROJECTS\GITS\FFMPEGCONTROL\MPEGTS_CHUNKENCODER\DEBUG\MPEGTS_CHUNKENCODER.PCH
C:\Projects\Gits\FFmpegControl\MpegTS_ChunkEncoder\Debug\MpegTS_ChunkEncoder_manifest.rc
C:\PROJECTS\GITS\FFMPEGCONTROL\MPEGTS_CHUNKENCODER\DEBUG\PES_TS.OBJ
C:\Projects\Gits\FFmpegControl\MpegTS_ChunkEncoder\Debug\rc.command.1.tlog
C:\Projects\Gits\FFmpegControl\MpegTS_ChunkEncoder\Debug\rc.read.1.tlog
C:\Projects\Gits\FFmpegControl\MpegTS_ChunkEncoder\Debug\rc.write.1.tlog
C:\PROJECTS\GITS\FFMPEGCONTROL\MPEGTS_CHUNKENCODER\DEBUG\STDAFX.OBJ
C:\Projects\Gits\FFmpegControl\MpegTS_ChunkEncoder\Debug\vc100.idb
C:\PROJECTS\GITS\FFMPEGCONTROL\MPEGTS_CHUNKENCODER\DEBUG\VC100.PDB
